<?xml version="1.0" encoding="UTF-8"?>
<testsuite xmlns:xsi="http://www.w3.org/2001/XMLSchema-instance" xsi:noNamespaceSchemaLocation="https://maven.apache.org/surefire/maven-surefire-plugin/xsd/surefire-test-report-3.0.xsd" version="3.0" name="eu.fluidos.VerifyTest" time="0.55" tests="2" errors="0" skipped="0" failures="0">
  <properties>
    <property name="java.specification.version" value="17"/>
    <property name="sun.jnu.encoding" value="UTF-8"/>
    <property name="java.class.path" value="/home/luca/FluidosProject/secure-border-controller-sandbox/controller-code/target/test-classes:/home/luca/FluidosProject/secure-border-controller-sandbox/controller-code/target/classes:/home/luca/.m2/repository/junit/junit/4.13.2/junit-4.13.2.jar:/home/luca/.m2/repository/org/hamcrest/hamcrest-core/1.3/hamcrest-core-1.3.jar:/home/luca/.m2/repository/org/junit/jupiter/junit-jupiter/5.9.2/junit-jupiter-5.9.2.jar:/home/luca/.m2/repository/org/junit/jupiter/junit-jupiter-api/5.9.2/junit-jupiter-api-5.9.2.jar:/home/luca/.m2/repository/org/opentest4j/opentest4j/1.2.0/opentest4j-1.2.0.jar:/home/luca/.m2/repository/org/junit/platform/junit-platform-commons/1.9.2/junit-platform-commons-1.9.2.jar:/home/luca/.m2/repository/org/apiguardian/apiguardian-api/1.1.2/apiguardian-api-1.1.2.jar:/home/luca/.m2/repository/org/junit/jupiter/junit-jupiter-params/5.9.2/junit-jupiter-params-5.9.2.jar:/home/luca/.m2/repository/org/junit/jupiter/junit-jupiter-engine/5.9.2/junit-jupiter-engine-5.9.2.jar:/home/luca/.m2/repository/org/junit/platform/junit-platform-engine/1.9.2/junit-platform-engine-1.9.2.jar:/home/luca/.m2/repository/org/mockito/mockito-core/5.6.0/mockito-core-5.6.0.jar:/home/luca/.m2/repository/net/bytebuddy/byte-buddy/1.14.8/byte-buddy-1.14.8.jar:/home/luca/.m2/repository/net/bytebuddy/byte-buddy-agent/1.14.8/byte-buddy-agent-1.14.8.jar:/home/luca/.m2/repository/org/objenesis/objenesis/3.3/objenesis-3.3.jar:/home/luca/.m2/repository/org/codehaus/mojo/jaxb2-maven-plugin/3.1.0/jaxb2-maven-plugin-3.1.0.jar:/home/luca/.m2/repository/com/sun/xml/bind/jaxb-xjc/3.0.0/jaxb-xjc-3.0.0.jar:/home/luca/.m2/repository/com/sun/activation/jakarta.activation/2.0.0/jakarta.activation-2.0.0.jar:/home/luca/.m2/repository/com/sun/xml/bind/jaxb-jxc/3.0.0/jaxb-jxc-3.0.0.jar:/home/luca/.m2/repository/com/thoughtworks/qdox/qdox/2.0.1/qdox-2.0.1.jar:/home/luca/.m2/repository/org/codehaus/plexus/plexus-compiler-api/2.11.1/plexus-compiler-api-2.11.1.jar:/home/luca/.m2/repository/org/codehaus/plexus/plexus-utils/3.1.0/plexus-utils-3.1.0.jar:/home/luca/.m2/repository/org/sonatype/plexus/plexus-build-api/0.0.7/plexus-build-api-0.0.7.jar:/home/luca/.m2/repository/com/sun/istack/istack-commons-runtime/4.0.0/istack-commons-runtime-4.0.0.jar:/home/luca/.m2/repository/jakarta/xml/bind/jakarta.xml.bind-api/4.0.0/jakarta.xml.bind-api-4.0.0.jar:/home/luca/.m2/repository/jakarta/activation/jakarta.activation-api/2.1.0/jakarta.activation-api-2.1.0.jar:/home/luca/.m2/repository/com/sun/xml/bind/jaxb-impl/4.0.3/jaxb-impl-4.0.3.jar:/home/luca/.m2/repository/com/sun/xml/bind/jaxb-core/4.0.3/jaxb-core-4.0.3.jar:/home/luca/.m2/repository/org/eclipse/angus/angus-activation/2.0.1/angus-activation-2.0.1.jar:/home/luca/.m2/repository/org/apache/logging/log4j/log4j-core/2.20.0/log4j-core-2.20.0.jar:/home/luca/.m2/repository/org/apache/logging/log4j/log4j-api/2.20.0/log4j-api-2.20.0.jar:/home/luca/.m2/repository/io/kubernetes/client-java/14.0.0/client-java-14.0.0.jar:/home/luca/.m2/repository/io/prometheus/simpleclient/0.12.0/simpleclient-0.12.0.jar:/home/luca/.m2/repository/io/prometheus/simpleclient_tracer_otel/0.12.0/simpleclient_tracer_otel-0.12.0.jar:/home/luca/.m2/repository/io/prometheus/simpleclient_tracer_common/0.12.0/simpleclient_tracer_common-0.12.0.jar:/home/luca/.m2/repository/io/prometheus/simpleclient_tracer_otel_agent/0.12.0/simpleclient_tracer_otel_agent-0.12.0.jar:/home/luca/.m2/repository/io/prometheus/simpleclient_httpserver/0.12.0/simpleclient_httpserver-0.12.0.jar:/home/luca/.m2/repository/io/prometheus/simpleclient_common/0.12.0/simpleclient_common-0.12.0.jar:/home/luca/.m2/repository/io/kubernetes/client-java-api/14.0.0/client-java-api-14.0.0.jar:/home/luca/.m2/repository/javax/annotation/javax.annotation-api/1.3.2/javax.annotation-api-1.3.2.jar:/home/luca/.m2/repository/io/swagger/swagger-annotations/1.6.3/swagger-annotations-1.6.3.jar:/home/luca/.m2/repository/com/squareup/okhttp3/okhttp/4.9.1/okhttp-4.9.1.jar:/home/luca/.m2/repository/com/squareup/okio/okio/2.8.0/okio-2.8.0.jar:/home/luca/.m2/repository/org/jetbrains/kotlin/kotlin-stdlib-common/1.4.0/kotlin-stdlib-common-1.4.0.jar:/home/luca/.m2/repository/org/jetbrains/kotlin/kotlin-stdlib/1.4.10/kotlin-stdlib-1.4.10.jar:/home/luca/.m2/repository/org/jetbrains/annotations/13.0/annotations-13.0.jar:/home/luca/.m2/repository/com/squareup/okhttp3/logging-interceptor/4.9.1/logging-interceptor-4.9.1.jar:/home/luca/.m2/repository/org/jetbrains/kotlin/kotlin-stdlib-jdk8/1.4.10/kotlin-stdlib-jdk8-1.4.10.jar:/home/luca/.m2/repository/org/jetbrains/kotlin/kotlin-stdlib-jdk7/1.4.10/kotlin-stdlib-jdk7-1.4.10.jar:/home/luca/.m2/repository/io/gsonfire/gson-fire/1.8.5/gson-fire-1.8.5.jar:/home/luca/.m2/repository/com/google/code/findbugs/jsr305/3.0.2/jsr305-3.0.2.jar:/home/luca/.m2/repository/io/kubernetes/client-java-proto/14.0.0/client-java-proto-14.0.0.jar:/home/luca/.m2/repository/org/yaml/snakeyaml/1.29/snakeyaml-1.29.jar:/home/luca/.m2/repository/commons-codec/commons-codec/1.15/commons-codec-1.15.jar:/home/luca/.m2/repository/org/apache/commons/commons-compress/1.21/commons-compress-1.21.jar:/home/luca/.m2/repository/org/apache/commons/commons-lang3/3.12.0/commons-lang3-3.12.0.jar:/home/luca/.m2/repository/commons-io/commons-io/2.11.0/commons-io-2.11.0.jar:/home/luca/.m2/repository/org/slf4j/slf4j-api/1.7.32/slf4j-api-1.7.32.jar:/home/luca/.m2/repository/org/bouncycastle/bcprov-ext-jdk15on/1.69/bcprov-ext-jdk15on-1.69.jar:/home/luca/.m2/repository/org/bouncycastle/bcpkix-jdk15on/1.69/bcpkix-jdk15on-1.69.jar:/home/luca/.m2/repository/org/bouncycastle/bcprov-jdk15on/1.69/bcprov-jdk15on-1.69.jar:/home/luca/.m2/repository/org/bouncycastle/bcutil-jdk15on/1.69/bcutil-jdk15on-1.69.jar:/home/luca/.m2/repository/com/google/protobuf/protobuf-java/3.19.1/protobuf-java-3.19.1.jar:/home/luca/.m2/repository/org/apache/commons/commons-collections4/4.4/commons-collections4-4.4.jar:/home/luca/.m2/repository/org/bitbucket/b_c/jose4j/0.7.9/jose4j-0.7.9.jar:/home/luca/.m2/repository/ch/qos/logback/logback-classic/1.2.3/logback-classic-1.2.3.jar:/home/luca/.m2/repository/ch/qos/logback/logback-core/1.2.3/logback-core-1.2.3.jar:/home/luca/.m2/repository/io/fabric8/kubernetes-client/6.11.0/kubernetes-client-6.11.0.jar:/home/luca/.m2/repository/io/fabric8/kubernetes-client-api/6.11.0/kubernetes-client-api-6.11.0.jar:/home/luca/.m2/repository/io/fabric8/kubernetes-model-core/6.11.0/kubernetes-model-core-6.11.0.jar:/home/luca/.m2/repository/io/fabric8/kubernetes-model-common/6.11.0/kubernetes-model-common-6.11.0.jar:/home/luca/.m2/repository/com/fasterxml/jackson/core/jackson-annotations/2.17.0/jackson-annotations-2.17.0.jar:/home/luca/.m2/repository/io/fabric8/kubernetes-model-gatewayapi/6.11.0/kubernetes-model-gatewayapi-6.11.0.jar:/home/luca/.m2/repository/io/fabric8/kubernetes-model-resource/6.11.0/kubernetes-model-resource-6.11.0.jar:/home/luca/.m2/repository/io/fabric8/kubernetes-model-rbac/6.11.0/kubernetes-model-rbac-6.11.0.jar:/home/luca/.m2/repository/io/fabric8/kubernetes-model-admissionregistration/6.11.0/kubernetes-model-admissionregistration-6.11.0.jar:/home/luca/.m2/repository/io/fabric8/kubernetes-model-apps/6.11.0/kubernetes-model-apps-6.11.0.jar:/home/luca/.m2/repository/io/fabric8/kubernetes-model-autoscaling/6.11.0/kubernetes-model-autoscaling-6.11.0.jar:/home/luca/.m2/repository/io/fabric8/kubernetes-model-apiextensions/6.11.0/kubernetes-model-apiextensions-6.11.0.jar:/home/luca/.m2/repository/io/fabric8/kubernetes-model-batch/6.11.0/kubernetes-model-batch-6.11.0.jar:/home/luca/.m2/repository/io/fabric8/kubernetes-model-certificates/6.11.0/kubernetes-model-certificates-6.11.0.jar:/home/luca/.m2/repository/io/fabric8/kubernetes-model-coordination/6.11.0/kubernetes-model-coordination-6.11.0.jar:/home/luca/.m2/repository/io/fabric8/kubernetes-model-discovery/6.11.0/kubernetes-model-discovery-6.11.0.jar:/home/luca/.m2/repository/io/fabric8/kubernetes-model-events/6.11.0/kubernetes-model-events-6.11.0.jar:/home/luca/.m2/repository/io/fabric8/kubernetes-model-extensions/6.11.0/kubernetes-model-extensions-6.11.0.jar:/home/luca/.m2/repository/io/fabric8/kubernetes-model-flowcontrol/6.11.0/kubernetes-model-flowcontrol-6.11.0.jar:/home/luca/.m2/repository/io/fabric8/kubernetes-model-networking/6.11.0/kubernetes-model-networking-6.11.0.jar:/home/luca/.m2/repository/io/fabric8/kubernetes-model-metrics/6.11.0/kubernetes-model-metrics-6.11.0.jar:/home/luca/.m2/repository/io/fabric8/kubernetes-model-policy/6.11.0/kubernetes-model-policy-6.11.0.jar:/home/luca/.m2/repository/io/fabric8/kubernetes-model-scheduling/6.11.0/kubernetes-model-scheduling-6.11.0.jar:/home/luca/.m2/repository/io/fabric8/kubernetes-model-storageclass/6.11.0/kubernetes-model-storageclass-6.11.0.jar:/home/luca/.m2/repository/io/fabric8/kubernetes-model-node/6.11.0/kubernetes-model-node-6.11.0.jar:/home/luca/.m2/repository/org/snakeyaml/snakeyaml-engine/2.7/snakeyaml-engine-2.7.jar:/home/luca/.m2/repository/com/fasterxml/jackson/dataformat/jackson-dataformat-yaml/2.17.0/jackson-dataformat-yaml-2.17.0.jar:/home/luca/.m2/repository/com/fasterxml/jackson/datatype/jackson-datatype-jsr310/2.17.0/jackson-datatype-jsr310-2.17.0.jar:/home/luca/.m2/repository/com/fasterxml/jackson/core/jackson-databind/2.17.0/jackson-databind-2.17.0.jar:/home/luca/.m2/repository/com/fasterxml/jackson/core/jackson-core/2.17.0/jackson-core-2.17.0.jar:/home/luca/.m2/repository/io/fabric8/kubernetes-httpclient-okhttp/6.11.0/kubernetes-httpclient-okhttp-6.11.0.jar:/home/luca/.m2/repository/io/fabric8/zjsonpatch/0.3.0/zjsonpatch-0.3.0.jar:/home/luca/.m2/repository/com/google/code/gson/gson/2.10.1/gson-2.10.1.jar:"/>
    <property name="java.vm.vendor" value="Ubuntu"/>
    <property name="sun.arch.data.model" value="64"/>
    <property name="java.vendor.url" value="https://ubuntu.com/"/>
    <property name="user.timezone" value="Europe/Rome"/>
    <property name="os.name" value="Linux"/>
    <property name="java.vm.specification.version" value="17"/>
    <property name="sun.java.launcher" value="SUN_STANDARD"/>
    <property name="user.country" value="US"/>
    <property name="sun.boot.library.path" value="/usr/lib/jvm/java-17-openjdk-amd64/lib"/>
    <property name="sun.java.command" value="/home/luca/FluidosProject/secure-border-controller-sandbox/controller-code/target/surefire/surefirebooter-20250606165645963_3.jar /home/luca/FluidosProject/secure-border-controller-sandbox/controller-code/target/surefire 2025-06-06T16-56-45_737-jvmRun1 surefire-20250606165645963_1tmp surefire_0-20250606165645963_2tmp"/>
    <property name="jdk.debug" value="release"/>
    <property name="surefire.test.class.path" value="/home/luca/FluidosProject/secure-border-controller-sandbox/controller-code/target/test-classes:/home/luca/FluidosProject/secure-border-controller-sandbox/controller-code/target/classes:/home/luca/.m2/repository/junit/junit/4.13.2/junit-4.13.2.jar:/home/luca/.m2/repository/org/hamcrest/hamcrest-core/1.3/hamcrest-core-1.3.jar:/home/luca/.m2/repository/org/junit/jupiter/junit-jupiter/5.9.2/junit-jupiter-5.9.2.jar:/home/luca/.m2/repository/org/junit/jupiter/junit-jupiter-api/5.9.2/junit-jupiter-api-5.9.2.jar:/home/luca/.m2/repository/org/opentest4j/opentest4j/1.2.0/opentest4j-1.2.0.jar:/home/luca/.m2/repository/org/junit/platform/junit-platform-commons/1.9.2/junit-platform-commons-1.9.2.jar:/home/luca/.m2/repository/org/apiguardian/apiguardian-api/1.1.2/apiguardian-api-1.1.2.jar:/home/luca/.m2/repository/org/junit/jupiter/junit-jupiter-params/5.9.2/junit-jupiter-params-5.9.2.jar:/home/luca/.m2/repository/org/junit/jupiter/junit-jupiter-engine/5.9.2/junit-jupiter-engine-5.9.2.jar:/home/luca/.m2/repository/org/junit/platform/junit-platform-engine/1.9.2/junit-platform-engine-1.9.2.jar:/home/luca/.m2/repository/org/mockito/mockito-core/5.6.0/mockito-core-5.6.0.jar:/home/luca/.m2/repository/net/bytebuddy/byte-buddy/1.14.8/byte-buddy-1.14.8.jar:/home/luca/.m2/repository/net/bytebuddy/byte-buddy-agent/1.14.8/byte-buddy-agent-1.14.8.jar:/home/luca/.m2/repository/org/objenesis/objenesis/3.3/objenesis-3.3.jar:/home/luca/.m2/repository/org/codehaus/mojo/jaxb2-maven-plugin/3.1.0/jaxb2-maven-plugin-3.1.0.jar:/home/luca/.m2/repository/com/sun/xml/bind/jaxb-xjc/3.0.0/jaxb-xjc-3.0.0.jar:/home/luca/.m2/repository/com/sun/activation/jakarta.activation/2.0.0/jakarta.activation-2.0.0.jar:/home/luca/.m2/repository/com/sun/xml/bind/jaxb-jxc/3.0.0/jaxb-jxc-3.0.0.jar:/home/luca/.m2/repository/com/thoughtworks/qdox/qdox/2.0.1/qdox-2.0.1.jar:/home/luca/.m2/repository/org/codehaus/plexus/plexus-compiler-api/2.11.1/plexus-compiler-api-2.11.1.jar:/home/luca/.m2/repository/org/codehaus/plexus/plexus-utils/3.1.0/plexus-utils-3.1.0.jar:/home/luca/.m2/repository/org/sonatype/plexus/plexus-build-api/0.0.7/plexus-build-api-0.0.7.jar:/home/luca/.m2/repository/com/sun/istack/istack-commons-runtime/4.0.0/istack-commons-runtime-4.0.0.jar:/home/luca/.m2/repository/jakarta/xml/bind/jakarta.xml.bind-api/4.0.0/jakarta.xml.bind-api-4.0.0.jar:/home/luca/.m2/repository/jakarta/activation/jakarta.activation-api/2.1.0/jakarta.activation-api-2.1.0.jar:/home/luca/.m2/repository/com/sun/xml/bind/jaxb-impl/4.0.3/jaxb-impl-4.0.3.jar:/home/luca/.m2/repository/com/sun/xml/bind/jaxb-core/4.0.3/jaxb-core-4.0.3.jar:/home/luca/.m2/repository/org/eclipse/angus/angus-activation/2.0.1/angus-activation-2.0.1.jar:/home/luca/.m2/repository/org/apache/logging/log4j/log4j-core/2.20.0/log4j-core-2.20.0.jar:/home/luca/.m2/repository/org/apache/logging/log4j/log4j-api/2.20.0/log4j-api-2.20.0.jar:/home/luca/.m2/repository/io/kubernetes/client-java/14.0.0/client-java-14.0.0.jar:/home/luca/.m2/repository/io/prometheus/simpleclient/0.12.0/simpleclient-0.12.0.jar:/home/luca/.m2/repository/io/prometheus/simpleclient_tracer_otel/0.12.0/simpleclient_tracer_otel-0.12.0.jar:/home/luca/.m2/repository/io/prometheus/simpleclient_tracer_common/0.12.0/simpleclient_tracer_common-0.12.0.jar:/home/luca/.m2/repository/io/prometheus/simpleclient_tracer_otel_agent/0.12.0/simpleclient_tracer_otel_agent-0.12.0.jar:/home/luca/.m2/repository/io/prometheus/simpleclient_httpserver/0.12.0/simpleclient_httpserver-0.12.0.jar:/home/luca/.m2/repository/io/prometheus/simpleclient_common/0.12.0/simpleclient_common-0.12.0.jar:/home/luca/.m2/repository/io/kubernetes/client-java-api/14.0.0/client-java-api-14.0.0.jar:/home/luca/.m2/repository/javax/annotation/javax.annotation-api/1.3.2/javax.annotation-api-1.3.2.jar:/home/luca/.m2/repository/io/swagger/swagger-annotations/1.6.3/swagger-annotations-1.6.3.jar:/home/luca/.m2/repository/com/squareup/okhttp3/okhttp/4.9.1/okhttp-4.9.1.jar:/home/luca/.m2/repository/com/squareup/okio/okio/2.8.0/okio-2.8.0.jar:/home/luca/.m2/repository/org/jetbrains/kotlin/kotlin-stdlib-common/1.4.0/kotlin-stdlib-common-1.4.0.jar:/home/luca/.m2/repository/org/jetbrains/kotlin/kotlin-stdlib/1.4.10/kotlin-stdlib-1.4.10.jar:/home/luca/.m2/repository/org/jetbrains/annotations/13.0/annotations-13.0.jar:/home/luca/.m2/repository/com/squareup/okhttp3/logging-interceptor/4.9.1/logging-interceptor-4.9.1.jar:/home/luca/.m2/repository/org/jetbrains/kotlin/kotlin-stdlib-jdk8/1.4.10/kotlin-stdlib-jdk8-1.4.10.jar:/home/luca/.m2/repository/org/jetbrains/kotlin/kotlin-stdlib-jdk7/1.4.10/kotlin-stdlib-jdk7-1.4.10.jar:/home/luca/.m2/repository/io/gsonfire/gson-fire/1.8.5/gson-fire-1.8.5.jar:/home/luca/.m2/repository/com/google/code/findbugs/jsr305/3.0.2/jsr305-3.0.2.jar:/home/luca/.m2/repository/io/kubernetes/client-java-proto/14.0.0/client-java-proto-14.0.0.jar:/home/luca/.m2/repository/org/yaml/snakeyaml/1.29/snakeyaml-1.29.jar:/home/luca/.m2/repository/commons-codec/commons-codec/1.15/commons-codec-1.15.jar:/home/luca/.m2/repository/org/apache/commons/commons-compress/1.21/commons-compress-1.21.jar:/home/luca/.m2/repository/org/apache/commons/commons-lang3/3.12.0/commons-lang3-3.12.0.jar:/home/luca/.m2/repository/commons-io/commons-io/2.11.0/commons-io-2.11.0.jar:/home/luca/.m2/repository/org/slf4j/slf4j-api/1.7.32/slf4j-api-1.7.32.jar:/home/luca/.m2/repository/org/bouncycastle/bcprov-ext-jdk15on/1.69/bcprov-ext-jdk15on-1.69.jar:/home/luca/.m2/repository/org/bouncycastle/bcpkix-jdk15on/1.69/bcpkix-jdk15on-1.69.jar:/home/luca/.m2/repository/org/bouncycastle/bcprov-jdk15on/1.69/bcprov-jdk15on-1.69.jar:/home/luca/.m2/repository/org/bouncycastle/bcutil-jdk15on/1.69/bcutil-jdk15on-1.69.jar:/home/luca/.m2/repository/com/google/protobuf/protobuf-java/3.19.1/protobuf-java-3.19.1.jar:/home/luca/.m2/repository/org/apache/commons/commons-collections4/4.4/commons-collections4-4.4.jar:/home/luca/.m2/repository/org/bitbucket/b_c/jose4j/0.7.9/jose4j-0.7.9.jar:/home/luca/.m2/repository/ch/qos/logback/logback-classic/1.2.3/logback-classic-1.2.3.jar:/home/luca/.m2/repository/ch/qos/logback/logback-core/1.2.3/logback-core-1.2.3.jar:/home/luca/.m2/repository/io/fabric8/kubernetes-client/6.11.0/kubernetes-client-6.11.0.jar:/home/luca/.m2/repository/io/fabric8/kubernetes-client-api/6.11.0/kubernetes-client-api-6.11.0.jar:/home/luca/.m2/repository/io/fabric8/kubernetes-model-core/6.11.0/kubernetes-model-core-6.11.0.jar:/home/luca/.m2/repository/io/fabric8/kubernetes-model-common/6.11.0/kubernetes-model-common-6.11.0.jar:/home/luca/.m2/repository/com/fasterxml/jackson/core/jackson-annotations/2.17.0/jackson-annotations-2.17.0.jar:/home/luca/.m2/repository/io/fabric8/kubernetes-model-gatewayapi/6.11.0/kubernetes-model-gatewayapi-6.11.0.jar:/home/luca/.m2/repository/io/fabric8/kubernetes-model-resource/6.11.0/kubernetes-model-resource-6.11.0.jar:/home/luca/.m2/repository/io/fabric8/kubernetes-model-rbac/6.11.0/kubernetes-model-rbac-6.11.0.jar:/home/luca/.m2/repository/io/fabric8/kubernetes-model-admissionregistration/6.11.0/kubernetes-model-admissionregistration-6.11.0.jar:/home/luca/.m2/repository/io/fabric8/kubernetes-model-apps/6.11.0/kubernetes-model-apps-6.11.0.jar:/home/luca/.m2/repository/io/fabric8/kubernetes-model-autoscaling/6.11.0/kubernetes-model-autoscaling-6.11.0.jar:/home/luca/.m2/repository/io/fabric8/kubernetes-model-apiextensions/6.11.0/kubernetes-model-apiextensions-6.11.0.jar:/home/luca/.m2/repository/io/fabric8/kubernetes-model-batch/6.11.0/kubernetes-model-batch-6.11.0.jar:/home/luca/.m2/repository/io/fabric8/kubernetes-model-certificates/6.11.0/kubernetes-model-certificates-6.11.0.jar:/home/luca/.m2/repository/io/fabric8/kubernetes-model-coordination/6.11.0/kubernetes-model-coordination-6.11.0.jar:/home/luca/.m2/repository/io/fabric8/kubernetes-model-discovery/6.11.0/kubernetes-model-discovery-6.11.0.jar:/home/luca/.m2/repository/io/fabric8/kubernetes-model-events/6.11.0/kubernetes-model-events-6.11.0.jar:/home/luca/.m2/repository/io/fabric8/kubernetes-model-extensions/6.11.0/kubernetes-model-extensions-6.11.0.jar:/home/luca/.m2/repository/io/fabric8/kubernetes-model-flowcontrol/6.11.0/kubernetes-model-flowcontrol-6.11.0.jar:/home/luca/.m2/repository/io/fabric8/kubernetes-model-networking/6.11.0/kubernetes-model-networking-6.11.0.jar:/home/luca/.m2/repository/io/fabric8/kubernetes-model-metrics/6.11.0/kubernetes-model-metrics-6.11.0.jar:/home/luca/.m2/repository/io/fabric8/kubernetes-model-policy/6.11.0/kubernetes-model-policy-6.11.0.jar:/home/luca/.m2/repository/io/fabric8/kubernetes-model-scheduling/6.11.0/kubernetes-model-scheduling-6.11.0.jar:/home/luca/.m2/repository/io/fabric8/kubernetes-model-storageclass/6.11.0/kubernetes-model-storageclass-6.11.0.jar:/home/luca/.m2/repository/io/fabric8/kubernetes-model-node/6.11.0/kubernetes-model-node-6.11.0.jar:/home/luca/.m2/repository/org/snakeyaml/snakeyaml-engine/2.7/snakeyaml-engine-2.7.jar:/home/luca/.m2/repository/com/fasterxml/jackson/dataformat/jackson-dataformat-yaml/2.17.0/jackson-dataformat-yaml-2.17.0.jar:/home/luca/.m2/repository/com/fasterxml/jackson/datatype/jackson-datatype-jsr310/2.17.0/jackson-datatype-jsr310-2.17.0.jar:/home/luca/.m2/repository/com/fasterxml/jackson/core/jackson-databind/2.17.0/jackson-databind-2.17.0.jar:/home/luca/.m2/repository/com/fasterxml/jackson/core/jackson-core/2.17.0/jackson-core-2.17.0.jar:/home/luca/.m2/repository/io/fabric8/kubernetes-httpclient-okhttp/6.11.0/kubernetes-httpclient-okhttp-6.11.0.jar:/home/luca/.m2/repository/io/fabric8/zjsonpatch/0.3.0/zjsonpatch-0.3.0.jar:/home/luca/.m2/repository/com/google/code/gson/gson/2.10.1/gson-2.10.1.jar:"/>
    <property name="sun.cpu.endian" value="little"/>
    <property name="user.home" value="/home/luca"/>
    <property name="user.language" value="en"/>
    <property name="java.specification.vendor" value="Oracle Corporation"/>
    <property name="java.version.date" value="2025-04-15"/>
    <property name="java.home" value="/usr/lib/jvm/java-17-openjdk-amd64"/>
    <property name="file.separator" value="/"/>
    <property name="basedir" value="/home/luca/FluidosProject/secure-border-controller-sandbox/controller-code"/>
    <property name="java.vm.compressedOopsMode" value="Zero based"/>
    <property name="line.separator" value="&#10;"/>
    <property name="java.vm.specification.vendor" value="Oracle Corporation"/>
    <property name="java.specification.name" value="Java Platform API Specification"/>
    <property name="surefire.real.class.path" value="/home/luca/FluidosProject/secure-border-controller-sandbox/controller-code/target/surefire/surefirebooter-20250606165645963_3.jar"/>
    <property name="sun.management.compiler" value="HotSpot 64-Bit Tiered Compilers"/>
    <property name="java.runtime.version" value="17.0.15+6-Ubuntu-0ubuntu122.04"/>
    <property name="user.name" value="luca"/>
    <property name="path.separator" value=":"/>
    <property name="os.version" value="6.8.0-60-generic"/>
    <property name="java.runtime.name" value="OpenJDK Runtime Environment"/>
    <property name="file.encoding" value="UTF-8"/>
    <property name="java.vm.name" value="OpenJDK 64-Bit Server VM"/>
    <property name="localRepository" value="/home/luca/.m2/repository"/>
    <property name="java.vendor.url.bug" value="https://bugs.launchpad.net/ubuntu/+source/openjdk-17"/>
    <property name="java.io.tmpdir" value="/tmp"/>
    <property name="java.version" value="17.0.15"/>
    <property name="user.dir" value="/home/luca/FluidosProject/secure-border-controller-sandbox/controller-code"/>
    <property name="os.arch" value="amd64"/>
    <property name="java.vm.specification.name" value="Java Virtual Machine Specification"/>
    <property name="native.encoding" value="UTF-8"/>
    <property name="java.library.path" value="/usr/java/packages/lib:/usr/lib/x86_64-linux-gnu/jni:/lib/x86_64-linux-gnu:/usr/lib/x86_64-linux-gnu:/usr/lib/jni:/lib:/usr/lib"/>
    <property name="java.vm.info" value="mixed mode, sharing"/>
    <property name="java.vendor" value="Ubuntu"/>
    <property name="java.vm.version" value="17.0.15+6-Ubuntu-0ubuntu122.04"/>
    <property name="java.specification.maintenance.version" value="1"/>
    <property name="sun.io.unicode.encoding" value="UnicodeLittle"/>
    <property name="java.class.version" value="61.0"/>
  </properties>
  <testcase name="testVerifyWithCompatibleCandidate" classname="eu.fluidos.VerifyTest" time="0.532">
    <system-out><![CDATA[org.xml.sax.SAXParseException; schema_reference.4: Failed to read schema document 'file:/app/xsd/mspl.xsd', because 1) could not find the document; 2) the document could not be read; 3) the root element of the document is not <xsd:schema>.
]]></system-out>
  </testcase>
  <testcase name="dummyTest" classname="eu.fluidos.VerifyTest" time="0.002"/>
</testsuite>