<?xml version="1.0" encoding="UTF-8"?>
<testsuite xmlns:xsi="http://www.w3.org/2001/XMLSchema-instance" xsi:noNamespaceSchemaLocation="https://maven.apache.org/surefire/maven-surefire-plugin/xsd/surefire-test-report-3.0.xsd" version="3.0" name="eu.fluidos.VerifyTest" time="0.63" tests="2" errors="0" skipped="0" failures="1">
  <properties>
    <property name="java.specification.version" value="17"/>
    <property name="sun.jnu.encoding" value="UTF-8"/>
    <property name="java.class.path" value="/home/luca/FluidosProject/secure-border-controller-sandbox/controller-code/target/test-classes:/home/luca/FluidosProject/secure-border-controller-sandbox/controller-code/target/classes:/home/luca/.m2/repository/junit/junit/4.13.2/junit-4.13.2.jar:/home/luca/.m2/repository/org/hamcrest/hamcrest-core/1.3/hamcrest-core-1.3.jar:/home/luca/.m2/repository/org/junit/jupiter/junit-jupiter/5.9.2/junit-jupiter-5.9.2.jar:/home/luca/.m2/repository/org/junit/jupiter/junit-jupiter-api/5.9.2/junit-jupiter-api-5.9.2.jar:/home/luca/.m2/repository/org/opentest4j/opentest4j/1.2.0/opentest4j-1.2.0.jar:/home/luca/.m2/repository/org/junit/platform/junit-platform-commons/1.9.2/junit-platform-commons-1.9.2.jar:/home/luca/.m2/repository/org/apiguardian/apiguardian-api/1.1.2/apiguardian-api-1.1.2.jar:/home/luca/.m2/repository/org/junit/jupiter/junit-jupiter-params/5.9.2/junit-jupiter-params-5.9.2.jar:/home/luca/.m2/repository/org/junit/jupiter/junit-jupiter-engine/5.9.2/junit-jupiter-engine-5.9.2.jar:/home/luca/.m2/repository/org/junit/platform/junit-platform-engine/1.9.2/junit-platform-engine-1.9.2.jar:/home/luca/.m2/repository/org/mockito/mockito-core/5.6.0/mockito-core-5.6.0.jar:/home/luca/.m2/repository/net/bytebuddy/byte-buddy/1.14.8/byte-buddy-1.14.8.jar:/home/luca/.m2/repository/net/bytebuddy/byte-buddy-agent/1.14.8/byte-buddy-agent-1.14.8.jar:/home/luca/.m2/repository/org/objenesis/objenesis/3.3/objenesis-3.3.jar:/home/luca/.m2/repository/org/codehaus/mojo/jaxb2-maven-plugin/3.1.0/jaxb2-maven-plugin-3.1.0.jar:/home/luca/.m2/repository/com/sun/xml/bind/jaxb-xjc/3.0.0/jaxb-xjc-3.0.0.jar:/home/luca/.m2/repository/com/sun/activation/jakarta.activation/2.0.0/jakarta.activation-2.0.0.jar:/home/luca/.m2/repository/com/sun/xml/bind/jaxb-jxc/3.0.0/jaxb-jxc-3.0.0.jar:/home/luca/.m2/repository/com/thoughtworks/qdox/qdox/2.0.1/qdox-2.0.1.jar:/home/luca/.m2/repository/org/codehaus/plexus/plexus-compiler-api/2.11.1/plexus-compiler-api-2.11.1.jar:/home/luca/.m2/repository/org/codehaus/plexus/plexus-utils/3.1.0/plexus-utils-3.1.0.jar:/home/luca/.m2/repository/org/sonatype/plexus/plexus-build-api/0.0.7/plexus-build-api-0.0.7.jar:/home/luca/.m2/repository/com/sun/istack/istack-commons-runtime/4.0.0/istack-commons-runtime-4.0.0.jar:/home/luca/.m2/repository/jakarta/xml/bind/jakarta.xml.bind-api/4.0.0/jakarta.xml.bind-api-4.0.0.jar:/home/luca/.m2/repository/jakarta/activation/jakarta.activation-api/2.1.0/jakarta.activation-api-2.1.0.jar:/home/luca/.m2/repository/com/sun/xml/bind/jaxb-impl/4.0.3/jaxb-impl-4.0.3.jar:/home/luca/.m2/repository/com/sun/xml/bind/jaxb-core/4.0.3/jaxb-core-4.0.3.jar:/home/luca/.m2/repository/org/eclipse/angus/angus-activation/2.0.1/angus-activation-2.0.1.jar:/home/luca/.m2/repository/org/apache/logging/log4j/log4j-core/2.20.0/log4j-core-2.20.0.jar:/home/luca/.m2/repository/org/apache/logging/log4j/log4j-api/2.20.0/log4j-api-2.20.0.jar:/home/luca/.m2/repository/io/kubernetes/client-java/14.0.0/client-java-14.0.0.jar:/home/luca/.m2/repository/io/prometheus/simpleclient/0.12.0/simpleclient-0.12.0.jar:/home/luca/.m2/repository/io/prometheus/simpleclient_tracer_otel/0.12.0/simpleclient_tracer_otel-0.12.0.jar:/home/luca/.m2/repository/io/prometheus/simpleclient_tracer_common/0.12.0/simpleclient_tracer_common-0.12.0.jar:/home/luca/.m2/repository/io/prometheus/simpleclient_tracer_otel_agent/0.12.0/simpleclient_tracer_otel_agent-0.12.0.jar:/home/luca/.m2/repository/io/prometheus/simpleclient_httpserver/0.12.0/simpleclient_httpserver-0.12.0.jar:/home/luca/.m2/repository/io/prometheus/simpleclient_common/0.12.0/simpleclient_common-0.12.0.jar:/home/luca/.m2/repository/io/kubernetes/client-java-api/14.0.0/client-java-api-14.0.0.jar:/home/luca/.m2/repository/javax/annotation/javax.annotation-api/1.3.2/javax.annotation-api-1.3.2.jar:/home/luca/.m2/repository/io/swagger/swagger-annotations/1.6.3/swagger-annotations-1.6.3.jar:/home/luca/.m2/repository/com/squareup/okhttp3/okhttp/4.9.1/okhttp-4.9.1.jar:/home/luca/.m2/repository/com/squareup/okio/okio/2.8.0/okio-2.8.0.jar:/home/luca/.m2/repository/org/jetbrains/kotlin/kotlin-stdlib-common/1.4.0/kotlin-stdlib-common-1.4.0.jar:/home/luca/.m2/repository/org/jetbrains/kotlin/kotlin-stdlib/1.4.10/kotlin-stdlib-1.4.10.jar:/home/luca/.m2/repository/org/jetbrains/annotations/13.0/annotations-13.0.jar:/home/luca/.m2/repository/com/squareup/okhttp3/logging-interceptor/4.9.1/logging-interceptor-4.9.1.jar:/home/luca/.m2/repository/org/jetbrains/kotlin/kotlin-stdlib-jdk8/1.4.10/kotlin-stdlib-jdk8-1.4.10.jar:/home/luca/.m2/repository/org/jetbrains/kotlin/kotlin-stdlib-jdk7/1.4.10/kotlin-stdlib-jdk7-1.4.10.jar:/home/luca/.m2/repository/io/gsonfire/gson-fire/1.8.5/gson-fire-1.8.5.jar:/home/luca/.m2/repository/com/google/code/findbugs/jsr305/3.0.2/jsr305-3.0.2.jar:/home/luca/.m2/repository/io/kubernetes/client-java-proto/14.0.0/client-java-proto-14.0.0.jar:/home/luca/.m2/repository/org/yaml/snakeyaml/1.29/snakeyaml-1.29.jar:/home/luca/.m2/repository/commons-codec/commons-codec/1.15/commons-codec-1.15.jar:/home/luca/.m2/repository/org/apache/commons/commons-compress/1.21/commons-compress-1.21.jar:/home/luca/.m2/repository/org/apache/commons/commons-lang3/3.12.0/commons-lang3-3.12.0.jar:/home/luca/.m2/repository/commons-io/commons-io/2.11.0/commons-io-2.11.0.jar:/home/luca/.m2/repository/org/slf4j/slf4j-api/1.7.32/slf4j-api-1.7.32.jar:/home/luca/.m2/repository/org/bouncycastle/bcprov-ext-jdk15on/1.69/bcprov-ext-jdk15on-1.69.jar:/home/luca/.m2/repository/org/bouncycastle/bcpkix-jdk15on/1.69/bcpkix-jdk15on-1.69.jar:/home/luca/.m2/repository/org/bouncycastle/bcprov-jdk15on/1.69/bcprov-jdk15on-1.69.jar:/home/luca/.m2/repository/org/bouncycastle/bcutil-jdk15on/1.69/bcutil-jdk15on-1.69.jar:/home/luca/.m2/repository/com/google/protobuf/protobuf-java/3.19.1/protobuf-java-3.19.1.jar:/home/luca/.m2/repository/org/apache/commons/commons-collections4/4.4/commons-collections4-4.4.jar:/home/luca/.m2/repository/org/bitbucket/b_c/jose4j/0.7.9/jose4j-0.7.9.jar:/home/luca/.m2/repository/ch/qos/logback/logback-classic/1.2.3/logback-classic-1.2.3.jar:/home/luca/.m2/repository/ch/qos/logback/logback-core/1.2.3/logback-core-1.2.3.jar:/home/luca/.m2/repository/io/fabric8/kubernetes-client/6.11.0/kubernetes-client-6.11.0.jar:/home/luca/.m2/repository/io/fabric8/kubernetes-client-api/6.11.0/kubernetes-client-api-6.11.0.jar:/home/luca/.m2/repository/io/fabric8/kubernetes-model-core/6.11.0/kubernetes-model-core-6.11.0.jar:/home/luca/.m2/repository/io/fabric8/kubernetes-model-common/6.11.0/kubernetes-model-common-6.11.0.jar:/home/luca/.m2/repository/com/fasterxml/jackson/core/jackson-annotations/2.17.0/jackson-annotations-2.17.0.jar:/home/luca/.m2/repository/io/fabric8/kubernetes-model-gatewayapi/6.11.0/kubernetes-model-gatewayapi-6.11.0.jar:/home/luca/.m2/repository/io/fabric8/kubernetes-model-resource/6.11.0/kubernetes-model-resource-6.11.0.jar:/home/luca/.m2/repository/io/fabric8/kubernetes-model-rbac/6.11.0/kubernetes-model-rbac-6.11.0.jar:/home/luca/.m2/repository/io/fabric8/kubernetes-model-admissionregistration/6.11.0/kubernetes-model-admissionregistration-6.11.0.jar:/home/luca/.m2/repository/io/fabric8/kubernetes-model-apps/6.11.0/kubernetes-model-apps-6.11.0.jar:/home/luca/.m2/repository/io/fabric8/kubernetes-model-autoscaling/6.11.0/kubernetes-model-autoscaling-6.11.0.jar:/home/luca/.m2/repository/io/fabric8/kubernetes-model-apiextensions/6.11.0/kubernetes-model-apiextensions-6.11.0.jar:/home/luca/.m2/repository/io/fabric8/kubernetes-model-batch/6.11.0/kubernetes-model-batch-6.11.0.jar:/home/luca/.m2/repository/io/fabric8/kubernetes-model-certificates/6.11.0/kubernetes-model-certificates-6.11.0.jar:/home/luca/.m2/repository/io/fabric8/kubernetes-model-coordination/6.11.0/kubernetes-model-coordination-6.11.0.jar:/home/luca/.m2/repository/io/fabric8/kubernetes-model-discovery/6.11.0/kubernetes-model-discovery-6.11.0.jar:/home/luca/.m2/repository/io/fabric8/kubernetes-model-events/6.11.0/kubernetes-model-events-6.11.0.jar:/home/luca/.m2/repository/io/fabric8/kubernetes-model-extensions/6.11.0/kubernetes-model-extensions-6.11.0.jar:/home/luca/.m2/repository/io/fabric8/kubernetes-model-flowcontrol/6.11.0/kubernetes-model-flowcontrol-6.11.0.jar:/home/luca/.m2/repository/io/fabric8/kubernetes-model-networking/6.11.0/kubernetes-model-networking-6.11.0.jar:/home/luca/.m2/repository/io/fabric8/kubernetes-model-metrics/6.11.0/kubernetes-model-metrics-6.11.0.jar:/home/luca/.m2/repository/io/fabric8/kubernetes-model-policy/6.11.0/kubernetes-model-policy-6.11.0.jar:/home/luca/.m2/repository/io/fabric8/kubernetes-model-scheduling/6.11.0/kubernetes-model-scheduling-6.11.0.jar:/home/luca/.m2/repository/io/fabric8/kubernetes-model-storageclass/6.11.0/kubernetes-model-storageclass-6.11.0.jar:/home/luca/.m2/repository/io/fabric8/kubernetes-model-node/6.11.0/kubernetes-model-node-6.11.0.jar:/home/luca/.m2/repository/org/snakeyaml/snakeyaml-engine/2.7/snakeyaml-engine-2.7.jar:/home/luca/.m2/repository/com/fasterxml/jackson/dataformat/jackson-dataformat-yaml/2.17.0/jackson-dataformat-yaml-2.17.0.jar:/home/luca/.m2/repository/com/fasterxml/jackson/datatype/jackson-datatype-jsr310/2.17.0/jackson-datatype-jsr310-2.17.0.jar:/home/luca/.m2/repository/com/fasterxml/jackson/core/jackson-databind/2.17.0/jackson-databind-2.17.0.jar:/home/luca/.m2/repository/com/fasterxml/jackson/core/jackson-core/2.17.0/jackson-core-2.17.0.jar:/home/luca/.m2/repository/io/fabric8/kubernetes-httpclient-okhttp/6.11.0/kubernetes-httpclient-okhttp-6.11.0.jar:/home/luca/.m2/repository/io/fabric8/zjsonpatch/0.3.0/zjsonpatch-0.3.0.jar:/home/luca/.m2/repository/com/google/code/gson/gson/2.10.1/gson-2.10.1.jar:"/>
    <property name="java.vm.vendor" value="Ubuntu"/>
    <property name="sun.arch.data.model" value="64"/>
    <property name="java.vendor.url" value="https://ubuntu.com/"/>
    <property name="user.timezone" value="Europe/Rome"/>
    <property name="os.name" value="Linux"/>
    <property name="java.vm.specification.version" value="17"/>
    <property name="sun.java.launcher" value="SUN_STANDARD"/>
    <property name="user.country" value="US"/>
    <property name="sun.boot.library.path" value="/usr/lib/jvm/java-17-openjdk-amd64/lib"/>
    <property name="sun.java.command" value="/home/luca/FluidosProject/secure-border-controller-sandbox/controller-code/target/surefire/surefirebooter-20250605115504391_3.jar /home/luca/FluidosProject/secure-border-controller-sandbox/controller-code/target/surefire 2025-06-05T11-55-04_114-jvmRun1 surefire-20250605115504391_1tmp surefire_0-20250605115504391_2tmp"/>
    <property name="jdk.debug" value="release"/>
    <property name="test" value="eu.fluidos.VerifyTest"/>
    <property name="surefire.test.class.path" value="/home/luca/FluidosProject/secure-border-controller-sandbox/controller-code/target/test-classes:/home/luca/FluidosProject/secure-border-controller-sandbox/controller-code/target/classes:/home/luca/.m2/repository/junit/junit/4.13.2/junit-4.13.2.jar:/home/luca/.m2/repository/org/hamcrest/hamcrest-core/1.3/hamcrest-core-1.3.jar:/home/luca/.m2/repository/org/junit/jupiter/junit-jupiter/5.9.2/junit-jupiter-5.9.2.jar:/home/luca/.m2/repository/org/junit/jupiter/junit-jupiter-api/5.9.2/junit-jupiter-api-5.9.2.jar:/home/luca/.m2/repository/org/opentest4j/opentest4j/1.2.0/opentest4j-1.2.0.jar:/home/luca/.m2/repository/org/junit/platform/junit-platform-commons/1.9.2/junit-platform-commons-1.9.2.jar:/home/luca/.m2/repository/org/apiguardian/apiguardian-api/1.1.2/apiguardian-api-1.1.2.jar:/home/luca/.m2/repository/org/junit/jupiter/junit-jupiter-params/5.9.2/junit-jupiter-params-5.9.2.jar:/home/luca/.m2/repository/org/junit/jupiter/junit-jupiter-engine/5.9.2/junit-jupiter-engine-5.9.2.jar:/home/luca/.m2/repository/org/junit/platform/junit-platform-engine/1.9.2/junit-platform-engine-1.9.2.jar:/home/luca/.m2/repository/org/mockito/mockito-core/5.6.0/mockito-core-5.6.0.jar:/home/luca/.m2/repository/net/bytebuddy/byte-buddy/1.14.8/byte-buddy-1.14.8.jar:/home/luca/.m2/repository/net/bytebuddy/byte-buddy-agent/1.14.8/byte-buddy-agent-1.14.8.jar:/home/luca/.m2/repository/org/objenesis/objenesis/3.3/objenesis-3.3.jar:/home/luca/.m2/repository/org/codehaus/mojo/jaxb2-maven-plugin/3.1.0/jaxb2-maven-plugin-3.1.0.jar:/home/luca/.m2/repository/com/sun/xml/bind/jaxb-xjc/3.0.0/jaxb-xjc-3.0.0.jar:/home/luca/.m2/repository/com/sun/activation/jakarta.activation/2.0.0/jakarta.activation-2.0.0.jar:/home/luca/.m2/repository/com/sun/xml/bind/jaxb-jxc/3.0.0/jaxb-jxc-3.0.0.jar:/home/luca/.m2/repository/com/thoughtworks/qdox/qdox/2.0.1/qdox-2.0.1.jar:/home/luca/.m2/repository/org/codehaus/plexus/plexus-compiler-api/2.11.1/plexus-compiler-api-2.11.1.jar:/home/luca/.m2/repository/org/codehaus/plexus/plexus-utils/3.1.0/plexus-utils-3.1.0.jar:/home/luca/.m2/repository/org/sonatype/plexus/plexus-build-api/0.0.7/plexus-build-api-0.0.7.jar:/home/luca/.m2/repository/com/sun/istack/istack-commons-runtime/4.0.0/istack-commons-runtime-4.0.0.jar:/home/luca/.m2/repository/jakarta/xml/bind/jakarta.xml.bind-api/4.0.0/jakarta.xml.bind-api-4.0.0.jar:/home/luca/.m2/repository/jakarta/activation/jakarta.activation-api/2.1.0/jakarta.activation-api-2.1.0.jar:/home/luca/.m2/repository/com/sun/xml/bind/jaxb-impl/4.0.3/jaxb-impl-4.0.3.jar:/home/luca/.m2/repository/com/sun/xml/bind/jaxb-core/4.0.3/jaxb-core-4.0.3.jar:/home/luca/.m2/repository/org/eclipse/angus/angus-activation/2.0.1/angus-activation-2.0.1.jar:/home/luca/.m2/repository/org/apache/logging/log4j/log4j-core/2.20.0/log4j-core-2.20.0.jar:/home/luca/.m2/repository/org/apache/logging/log4j/log4j-api/2.20.0/log4j-api-2.20.0.jar:/home/luca/.m2/repository/io/kubernetes/client-java/14.0.0/client-java-14.0.0.jar:/home/luca/.m2/repository/io/prometheus/simpleclient/0.12.0/simpleclient-0.12.0.jar:/home/luca/.m2/repository/io/prometheus/simpleclient_tracer_otel/0.12.0/simpleclient_tracer_otel-0.12.0.jar:/home/luca/.m2/repository/io/prometheus/simpleclient_tracer_common/0.12.0/simpleclient_tracer_common-0.12.0.jar:/home/luca/.m2/repository/io/prometheus/simpleclient_tracer_otel_agent/0.12.0/simpleclient_tracer_otel_agent-0.12.0.jar:/home/luca/.m2/repository/io/prometheus/simpleclient_httpserver/0.12.0/simpleclient_httpserver-0.12.0.jar:/home/luca/.m2/repository/io/prometheus/simpleclient_common/0.12.0/simpleclient_common-0.12.0.jar:/home/luca/.m2/repository/io/kubernetes/client-java-api/14.0.0/client-java-api-14.0.0.jar:/home/luca/.m2/repository/javax/annotation/javax.annotation-api/1.3.2/javax.annotation-api-1.3.2.jar:/home/luca/.m2/repository/io/swagger/swagger-annotations/1.6.3/swagger-annotations-1.6.3.jar:/home/luca/.m2/repository/com/squareup/okhttp3/okhttp/4.9.1/okhttp-4.9.1.jar:/home/luca/.m2/repository/com/squareup/okio/okio/2.8.0/okio-2.8.0.jar:/home/luca/.m2/repository/org/jetbrains/kotlin/kotlin-stdlib-common/1.4.0/kotlin-stdlib-common-1.4.0.jar:/home/luca/.m2/repository/org/jetbrains/kotlin/kotlin-stdlib/1.4.10/kotlin-stdlib-1.4.10.jar:/home/luca/.m2/repository/org/jetbrains/annotations/13.0/annotations-13.0.jar:/home/luca/.m2/repository/com/squareup/okhttp3/logging-interceptor/4.9.1/logging-interceptor-4.9.1.jar:/home/luca/.m2/repository/org/jetbrains/kotlin/kotlin-stdlib-jdk8/1.4.10/kotlin-stdlib-jdk8-1.4.10.jar:/home/luca/.m2/repository/org/jetbrains/kotlin/kotlin-stdlib-jdk7/1.4.10/kotlin-stdlib-jdk7-1.4.10.jar:/home/luca/.m2/repository/io/gsonfire/gson-fire/1.8.5/gson-fire-1.8.5.jar:/home/luca/.m2/repository/com/google/code/findbugs/jsr305/3.0.2/jsr305-3.0.2.jar:/home/luca/.m2/repository/io/kubernetes/client-java-proto/14.0.0/client-java-proto-14.0.0.jar:/home/luca/.m2/repository/org/yaml/snakeyaml/1.29/snakeyaml-1.29.jar:/home/luca/.m2/repository/commons-codec/commons-codec/1.15/commons-codec-1.15.jar:/home/luca/.m2/repository/org/apache/commons/commons-compress/1.21/commons-compress-1.21.jar:/home/luca/.m2/repository/org/apache/commons/commons-lang3/3.12.0/commons-lang3-3.12.0.jar:/home/luca/.m2/repository/commons-io/commons-io/2.11.0/commons-io-2.11.0.jar:/home/luca/.m2/repository/org/slf4j/slf4j-api/1.7.32/slf4j-api-1.7.32.jar:/home/luca/.m2/repository/org/bouncycastle/bcprov-ext-jdk15on/1.69/bcprov-ext-jdk15on-1.69.jar:/home/luca/.m2/repository/org/bouncycastle/bcpkix-jdk15on/1.69/bcpkix-jdk15on-1.69.jar:/home/luca/.m2/repository/org/bouncycastle/bcprov-jdk15on/1.69/bcprov-jdk15on-1.69.jar:/home/luca/.m2/repository/org/bouncycastle/bcutil-jdk15on/1.69/bcutil-jdk15on-1.69.jar:/home/luca/.m2/repository/com/google/protobuf/protobuf-java/3.19.1/protobuf-java-3.19.1.jar:/home/luca/.m2/repository/org/apache/commons/commons-collections4/4.4/commons-collections4-4.4.jar:/home/luca/.m2/repository/org/bitbucket/b_c/jose4j/0.7.9/jose4j-0.7.9.jar:/home/luca/.m2/repository/ch/qos/logback/logback-classic/1.2.3/logback-classic-1.2.3.jar:/home/luca/.m2/repository/ch/qos/logback/logback-core/1.2.3/logback-core-1.2.3.jar:/home/luca/.m2/repository/io/fabric8/kubernetes-client/6.11.0/kubernetes-client-6.11.0.jar:/home/luca/.m2/repository/io/fabric8/kubernetes-client-api/6.11.0/kubernetes-client-api-6.11.0.jar:/home/luca/.m2/repository/io/fabric8/kubernetes-model-core/6.11.0/kubernetes-model-core-6.11.0.jar:/home/luca/.m2/repository/io/fabric8/kubernetes-model-common/6.11.0/kubernetes-model-common-6.11.0.jar:/home/luca/.m2/repository/com/fasterxml/jackson/core/jackson-annotations/2.17.0/jackson-annotations-2.17.0.jar:/home/luca/.m2/repository/io/fabric8/kubernetes-model-gatewayapi/6.11.0/kubernetes-model-gatewayapi-6.11.0.jar:/home/luca/.m2/repository/io/fabric8/kubernetes-model-resource/6.11.0/kubernetes-model-resource-6.11.0.jar:/home/luca/.m2/repository/io/fabric8/kubernetes-model-rbac/6.11.0/kubernetes-model-rbac-6.11.0.jar:/home/luca/.m2/repository/io/fabric8/kubernetes-model-admissionregistration/6.11.0/kubernetes-model-admissionregistration-6.11.0.jar:/home/luca/.m2/repository/io/fabric8/kubernetes-model-apps/6.11.0/kubernetes-model-apps-6.11.0.jar:/home/luca/.m2/repository/io/fabric8/kubernetes-model-autoscaling/6.11.0/kubernetes-model-autoscaling-6.11.0.jar:/home/luca/.m2/repository/io/fabric8/kubernetes-model-apiextensions/6.11.0/kubernetes-model-apiextensions-6.11.0.jar:/home/luca/.m2/repository/io/fabric8/kubernetes-model-batch/6.11.0/kubernetes-model-batch-6.11.0.jar:/home/luca/.m2/repository/io/fabric8/kubernetes-model-certificates/6.11.0/kubernetes-model-certificates-6.11.0.jar:/home/luca/.m2/repository/io/fabric8/kubernetes-model-coordination/6.11.0/kubernetes-model-coordination-6.11.0.jar:/home/luca/.m2/repository/io/fabric8/kubernetes-model-discovery/6.11.0/kubernetes-model-discovery-6.11.0.jar:/home/luca/.m2/repository/io/fabric8/kubernetes-model-events/6.11.0/kubernetes-model-events-6.11.0.jar:/home/luca/.m2/repository/io/fabric8/kubernetes-model-extensions/6.11.0/kubernetes-model-extensions-6.11.0.jar:/home/luca/.m2/repository/io/fabric8/kubernetes-model-flowcontrol/6.11.0/kubernetes-model-flowcontrol-6.11.0.jar:/home/luca/.m2/repository/io/fabric8/kubernetes-model-networking/6.11.0/kubernetes-model-networking-6.11.0.jar:/home/luca/.m2/repository/io/fabric8/kubernetes-model-metrics/6.11.0/kubernetes-model-metrics-6.11.0.jar:/home/luca/.m2/repository/io/fabric8/kubernetes-model-policy/6.11.0/kubernetes-model-policy-6.11.0.jar:/home/luca/.m2/repository/io/fabric8/kubernetes-model-scheduling/6.11.0/kubernetes-model-scheduling-6.11.0.jar:/home/luca/.m2/repository/io/fabric8/kubernetes-model-storageclass/6.11.0/kubernetes-model-storageclass-6.11.0.jar:/home/luca/.m2/repository/io/fabric8/kubernetes-model-node/6.11.0/kubernetes-model-node-6.11.0.jar:/home/luca/.m2/repository/org/snakeyaml/snakeyaml-engine/2.7/snakeyaml-engine-2.7.jar:/home/luca/.m2/repository/com/fasterxml/jackson/dataformat/jackson-dataformat-yaml/2.17.0/jackson-dataformat-yaml-2.17.0.jar:/home/luca/.m2/repository/com/fasterxml/jackson/datatype/jackson-datatype-jsr310/2.17.0/jackson-datatype-jsr310-2.17.0.jar:/home/luca/.m2/repository/com/fasterxml/jackson/core/jackson-databind/2.17.0/jackson-databind-2.17.0.jar:/home/luca/.m2/repository/com/fasterxml/jackson/core/jackson-core/2.17.0/jackson-core-2.17.0.jar:/home/luca/.m2/repository/io/fabric8/kubernetes-httpclient-okhttp/6.11.0/kubernetes-httpclient-okhttp-6.11.0.jar:/home/luca/.m2/repository/io/fabric8/zjsonpatch/0.3.0/zjsonpatch-0.3.0.jar:/home/luca/.m2/repository/com/google/code/gson/gson/2.10.1/gson-2.10.1.jar:"/>
    <property name="sun.cpu.endian" value="little"/>
    <property name="user.home" value="/home/luca"/>
    <property name="user.language" value="en"/>
    <property name="java.specification.vendor" value="Oracle Corporation"/>
    <property name="java.version.date" value="2025-04-15"/>
    <property name="java.home" value="/usr/lib/jvm/java-17-openjdk-amd64"/>
    <property name="file.separator" value="/"/>
    <property name="basedir" value="/home/luca/FluidosProject/secure-border-controller-sandbox/controller-code"/>
    <property name="java.vm.compressedOopsMode" value="Zero based"/>
    <property name="line.separator" value="&#10;"/>
    <property name="java.vm.specification.vendor" value="Oracle Corporation"/>
    <property name="java.specification.name" value="Java Platform API Specification"/>
    <property name="surefire.real.class.path" value="/home/luca/FluidosProject/secure-border-controller-sandbox/controller-code/target/surefire/surefirebooter-20250605115504391_3.jar"/>
    <property name="sun.management.compiler" value="HotSpot 64-Bit Tiered Compilers"/>
    <property name="java.runtime.version" value="17.0.15+6-Ubuntu-0ubuntu122.04"/>
    <property name="user.name" value="luca"/>
    <property name="path.separator" value=":"/>
    <property name="os.version" value="6.8.0-59-generic"/>
    <property name="java.runtime.name" value="OpenJDK Runtime Environment"/>
    <property name="file.encoding" value="UTF-8"/>
    <property name="java.vm.name" value="OpenJDK 64-Bit Server VM"/>
    <property name="localRepository" value="/home/luca/.m2/repository"/>
    <property name="java.vendor.url.bug" value="https://bugs.launchpad.net/ubuntu/+source/openjdk-17"/>
    <property name="java.io.tmpdir" value="/tmp"/>
    <property name="java.version" value="17.0.15"/>
    <property name="user.dir" value="/home/luca/FluidosProject/secure-border-controller-sandbox/controller-code"/>
    <property name="os.arch" value="amd64"/>
    <property name="java.vm.specification.name" value="Java Virtual Machine Specification"/>
    <property name="native.encoding" value="UTF-8"/>
    <property name="java.library.path" value="/usr/java/packages/lib:/usr/lib/x86_64-linux-gnu/jni:/lib/x86_64-linux-gnu:/usr/lib/x86_64-linux-gnu:/usr/lib/jni:/lib:/usr/lib"/>
    <property name="java.vm.info" value="mixed mode, sharing"/>
    <property name="java.vendor" value="Ubuntu"/>
    <property name="java.vm.version" value="17.0.15+6-Ubuntu-0ubuntu122.04"/>
    <property name="java.specification.maintenance.version" value="1"/>
    <property name="sun.io.unicode.encoding" value="UnicodeLittle"/>
    <property name="java.class.version" value="61.0"/>
  </properties>
  <testcase name="dummyTest" classname="eu.fluidos.VerifyTest" time="0.034"/>
  <testcase name="testVerifyReturnsTrueForValidInput" classname="eu.fluidos.VerifyTest" time="0.574">
    <failure message="La verifica degli intenti dovrebbe restituire true con dati validi. ==&gt; expected: &lt;true&gt; but was: &lt;false&gt;" type="org.opentest4j.AssertionFailedError"><![CDATA[org.opentest4j.AssertionFailedError: La verifica degli intenti dovrebbe restituire true con dati validi. ==> expected: <true> but was: <false>
	at org.junit.jupiter.api.AssertionFailureBuilder.build(AssertionFailureBuilder.java:151)
	at org.junit.jupiter.api.AssertionFailureBuilder.buildAndThrow(AssertionFailureBuilder.java:132)
	at org.junit.jupiter.api.AssertTrue.failNotTrue(AssertTrue.java:63)
	at org.junit.jupiter.api.AssertTrue.assertTrue(AssertTrue.java:36)
	at org.junit.jupiter.api.Assertions.assertTrue(Assertions.java:211)
	at eu.fluidos.VerifyTest.testVerifyReturnsTrueForValidInput(VerifyTest.java:58)
	at java.base/jdk.internal.reflect.NativeMethodAccessorImpl.invoke0(Native Method)
	at java.base/jdk.internal.reflect.NativeMethodAccessorImpl.invoke(NativeMethodAccessorImpl.java:77)
	at java.base/jdk.internal.reflect.DelegatingMethodAccessorImpl.invoke(DelegatingMethodAccessorImpl.java:43)
	at java.base/java.lang.reflect.Method.invoke(Method.java:569)
	at org.junit.platform.commons.util.ReflectionUtils.invokeMethod(ReflectionUtils.java:727)
	at org.junit.jupiter.engine.execution.MethodInvocation.proceed(MethodInvocation.java:60)
	at org.junit.jupiter.engine.execution.InvocationInterceptorChain$ValidatingInvocation.proceed(InvocationInterceptorChain.java:131)
	at org.junit.jupiter.engine.extension.TimeoutExtension.intercept(TimeoutExtension.java:156)
	at org.junit.jupiter.engine.extension.TimeoutExtension.interceptTestableMethod(TimeoutExtension.java:147)
	at org.junit.jupiter.engine.extension.TimeoutExtension.interceptTestMethod(TimeoutExtension.java:86)
	at org.junit.jupiter.engine.execution.InterceptingExecutableInvoker$ReflectiveInterceptorCall.lambda$ofVoidMethod$0(InterceptingExecutableInvoker.java:103)
	at org.junit.jupiter.engine.execution.InterceptingExecutableInvoker.lambda$invoke$0(InterceptingExecutableInvoker.java:93)
	at org.junit.jupiter.engine.execution.InvocationInterceptorChain$InterceptedInvocation.proceed(InvocationInterceptorChain.java:106)
	at org.junit.jupiter.engine.execution.InvocationInterceptorChain.proceed(InvocationInterceptorChain.java:64)
	at org.junit.jupiter.engine.execution.InvocationInterceptorChain.chainAndInvoke(InvocationInterceptorChain.java:45)
	at org.junit.jupiter.engine.execution.InvocationInterceptorChain.invoke(InvocationInterceptorChain.java:37)
	at org.junit.jupiter.engine.execution.InterceptingExecutableInvoker.invoke(InterceptingExecutableInvoker.java:92)
	at org.junit.jupiter.engine.execution.InterceptingExecutableInvoker.invoke(InterceptingExecutableInvoker.java:86)
	at org.junit.jupiter.engine.descriptor.TestMethodTestDescriptor.lambda$invokeTestMethod$7(TestMethodTestDescriptor.java:217)
	at org.junit.platform.engine.support.hierarchical.ThrowableCollector.execute(ThrowableCollector.java:73)
	at org.junit.jupiter.engine.descriptor.TestMethodTestDescriptor.invokeTestMethod(TestMethodTestDescriptor.java:213)
	at org.junit.jupiter.engine.descriptor.TestMethodTestDescriptor.execute(TestMethodTestDescriptor.java:138)
	at org.junit.jupiter.engine.descriptor.TestMethodTestDescriptor.execute(TestMethodTestDescriptor.java:68)
	at org.junit.platform.engine.support.hierarchical.NodeTestTask.lambda$executeRecursively$6(NodeTestTask.java:151)
	at org.junit.platform.engine.support.hierarchical.ThrowableCollector.execute(ThrowableCollector.java:73)
	at org.junit.platform.engine.support.hierarchical.NodeTestTask.lambda$executeRecursively$8(NodeTestTask.java:141)
	at org.junit.platform.engine.support.hierarchical.Node.around(Node.java:137)
	at org.junit.platform.engine.support.hierarchical.NodeTestTask.lambda$executeRecursively$9(NodeTestTask.java:139)
	at org.junit.platform.engine.support.hierarchical.ThrowableCollector.execute(ThrowableCollector.java:73)
	at org.junit.platform.engine.support.hierarchical.NodeTestTask.executeRecursively(NodeTestTask.java:138)
	at org.junit.platform.engine.support.hierarchical.NodeTestTask.execute(NodeTestTask.java:95)
	at java.base/java.util.ArrayList.forEach(ArrayList.java:1511)
	at org.junit.platform.engine.support.hierarchical.SameThreadHierarchicalTestExecutorService.invokeAll(SameThreadHierarchicalTestExecutorService.java:41)
	at org.junit.platform.engine.support.hierarchical.NodeTestTask.lambda$executeRecursively$6(NodeTestTask.java:155)
	at org.junit.platform.engine.support.hierarchical.ThrowableCollector.execute(ThrowableCollector.java:73)
	at org.junit.platform.engine.support.hierarchical.NodeTestTask.lambda$executeRecursively$8(NodeTestTask.java:141)
	at org.junit.platform.engine.support.hierarchical.Node.around(Node.java:137)
	at org.junit.platform.engine.support.hierarchical.NodeTestTask.lambda$executeRecursively$9(NodeTestTask.java:139)
	at org.junit.platform.engine.support.hierarchical.ThrowableCollector.execute(ThrowableCollector.java:73)
	at org.junit.platform.engine.support.hierarchical.NodeTestTask.executeRecursively(NodeTestTask.java:138)
	at org.junit.platform.engine.support.hierarchical.NodeTestTask.execute(NodeTestTask.java:95)
	at java.base/java.util.ArrayList.forEach(ArrayList.java:1511)
	at org.junit.platform.engine.support.hierarchical.SameThreadHierarchicalTestExecutorService.invokeAll(SameThreadHierarchicalTestExecutorService.java:41)
	at org.junit.platform.engine.support.hierarchical.NodeTestTask.lambda$executeRecursively$6(NodeTestTask.java:155)
	at org.junit.platform.engine.support.hierarchical.ThrowableCollector.execute(ThrowableCollector.java:73)
	at org.junit.platform.engine.support.hierarchical.NodeTestTask.lambda$executeRecursively$8(NodeTestTask.java:141)
	at org.junit.platform.engine.support.hierarchical.Node.around(Node.java:137)
	at org.junit.platform.engine.support.hierarchical.NodeTestTask.lambda$executeRecursively$9(NodeTestTask.java:139)
	at org.junit.platform.engine.support.hierarchical.ThrowableCollector.execute(ThrowableCollector.java:73)
	at org.junit.platform.engine.support.hierarchical.NodeTestTask.executeRecursively(NodeTestTask.java:138)
	at org.junit.platform.engine.support.hierarchical.NodeTestTask.execute(NodeTestTask.java:95)
	at org.junit.platform.engine.support.hierarchical.SameThreadHierarchicalTestExecutorService.submit(SameThreadHierarchicalTestExecutorService.java:35)
	at org.junit.platform.engine.support.hierarchical.HierarchicalTestExecutor.execute(HierarchicalTestExecutor.java:57)
	at org.junit.platform.engine.support.hierarchical.HierarchicalTestEngine.execute(HierarchicalTestEngine.java:54)
	at org.junit.platform.launcher.core.EngineExecutionOrchestrator.execute(EngineExecutionOrchestrator.java:147)
	at org.junit.platform.launcher.core.EngineExecutionOrchestrator.execute(EngineExecutionOrchestrator.java:127)
	at org.junit.platform.launcher.core.EngineExecutionOrchestrator.execute(EngineExecutionOrchestrator.java:90)
	at org.junit.platform.launcher.core.EngineExecutionOrchestrator.lambda$execute$0(EngineExecutionOrchestrator.java:55)
	at org.junit.platform.launcher.core.EngineExecutionOrchestrator.withInterceptedStreams(EngineExecutionOrchestrator.java:102)
	at org.junit.platform.launcher.core.EngineExecutionOrchestrator.execute(EngineExecutionOrchestrator.java:54)
	at org.junit.platform.launcher.core.DefaultLauncher.execute(DefaultLauncher.java:114)
	at org.junit.platform.launcher.core.DefaultLauncher.execute(DefaultLauncher.java:86)
	at org.junit.platform.launcher.core.DefaultLauncherSession$DelegatingLauncher.execute(DefaultLauncherSession.java:86)
	at org.apache.maven.surefire.junitplatform.LazyLauncher.execute(LazyLauncher.java:55)
	at org.apache.maven.surefire.junitplatform.JUnitPlatformProvider.execute(JUnitPlatformProvider.java:223)
	at org.apache.maven.surefire.junitplatform.JUnitPlatformProvider.invokeAllTests(JUnitPlatformProvider.java:175)
	at org.apache.maven.surefire.junitplatform.JUnitPlatformProvider.invoke(JUnitPlatformProvider.java:139)
	at org.apache.maven.surefire.booter.ForkedBooter.runSuitesInProcess(ForkedBooter.java:456)
	at org.apache.maven.surefire.booter.ForkedBooter.execute(ForkedBooter.java:169)
	at org.apache.maven.surefire.booter.ForkedBooter.run(ForkedBooter.java:595)
	at org.apache.maven.surefire.booter.ForkedBooter.main(ForkedBooter.java:581)
]]></failure>
    <system-out><![CDATA[org.xml.sax.SAXParseException; schema_reference.4: Failed to read schema document 'file:/app/xsd/mspl.xsd', because 1) could not find the document; 2) the document could not be read; 3) the root element of the document is not <xsd:schema>.
]]></system-out>
  </testcase>
</testsuite>